<?xml version="1.0" encoding="UTF-8"?>
<testng-results skipped="0" failed="0" total="1" passed="1">
  <reporter-output>
  </reporter-output>
  <suite name="Default suite" duration-ms="301081" started-at="2017-01-23T07:48:20Z" finished-at="2017-01-23T07:53:21Z">
    <groups>
    </groups>
    <test name="Default test" duration-ms="301081" started-at="2017-01-23T07:48:20Z" finished-at="2017-01-23T07:53:21Z">
      <class name="main.VDSAssessmentMethods">
        <test-method status="PASS" signature="beforeClass()[pri:0, instance:main.VDSAssessmentMethods@6adca536]" name="beforeClass" is-config="true" duration-ms="7116" started-at="2017-01-23T13:18:20Z" finished-at="2017-01-23T13:18:27Z">
          <reporter-output>
          </reporter-output>
        </test-method> <!-- beforeClass -->
        <test-method status="PASS" signature="assessmentsLiferay()[pri:0, instance:main.VDSAssessmentMethods@6adca536]" name="assessmentsLiferay" duration-ms="293939" started-at="2017-01-23T13:18:27Z" finished-at="2017-01-23T13:23:21Z">
          <reporter-output>
          </reporter-output>
        </test-method> <!-- assessmentsLiferay -->
      </class> <!-- main.VDSAssessmentMethods -->
    </test> <!-- Default test -->
  </suite> <!-- Default suite -->
</testng-results>
